2025-01-11 10:16:00 | INFO | repo=pv243-a4m36jee-2018-security-seminar | action=commit
2025-09-20 07:33:00 | WARN | repo=pv243-a4m36jee-2018-security-seminar | action=pull
2025-03-11 18:28:00 | INFO | repo=pv243-a4m36jee-2018-security-seminar | action=commit
2025-04-06 07:35:00 | WARN | repo=pv243-a4m36jee-2018-security-seminar | action=commit
2025-06-12 20:39:00 | WARN | repo=pv243-a4m36jee-2018-security-seminar | action=commit
2025-03-04 10:48:00 | WARN | repo=pv243-a4m36jee-2018-security-seminar | action=commit
2025-01-07 08:55:00 | WARN | repo=pv243-a4m36jee-2018-security-seminar | action=test | passed=true
2025-03-16 17:29:00 | WARN | repo=pv243-a4m36jee-2018-security-seminar | action=commit
2025-07-18 17:34:00 | DEBUG | repo=pv243-a4m36jee-2018-security-seminar | action=commit
2025-02-22 08:13:00 | DEBUG | repo=pv243-a4m36jee-2018-security-seminar | action=commit
2025-06-19 16:01:00 | INFO | repo=pv243-a4m36jee-2018-security-seminar | action=commit
2025-10-14 17:04:00 | INFO | repo=pv243-a4m36jee-2018-security-seminar | action=commit
2025-06-06 08:49:00 | DEBUG | repo=pv243-a4m36jee-2018-security-seminar | action=test | passed=true
2025-03-12 14:36:00 | DEBUG | repo=pv243-a4m36jee-2018-security-seminar | action=commit
2025-06-27 20:21:00 | DEBUG | repo=pv243-a4m36jee-2018-security-seminar | action=commit
2025-08-22 08:06:00 | WARN | repo=pv243-a4m36jee-2018-security-seminar | action=commit
2025-12-08 20:01:00 | WARN | repo=pv243-a4m36jee-2018-security-seminar | action=commit
2025-09-28 14:33:00 | WARN | repo=pv243-a4m36jee-2018-security-seminar | action=edit | files=5
2025-02-12 21:13:00 | DEBUG | repo=pv243-a4m36jee-2018-security-seminar | action=commit
2025-02-05 16:30:00 | INFO | repo=pv243-a4m36jee-2018-security-seminar | action=commit
2025-05-05 16:28:00 | INFO | repo=pv243-a4m36jee-2018-security-seminar | action=commit
2025-08-18 13:12:00 | DEBUG | repo=pv243-a4m36jee-2018-security-seminar | action=commit
2025-07-07 12:10:00 | DEBUG | repo=pv243-a4m36jee-2018-security-seminar | action=commit
2025-07-12 13:07:00 | DEBUG | repo=pv243-a4m36jee-2018-security-seminar | action=commit
2025-05-01 19:46:00 | WARN | repo=pv243-a4m36jee-2018-security-seminar | action=commit
2025-12-20 17:01:00 | WARN | repo=pv243-a4m36jee-2018-security-seminar | action=pull
2025-12-03 18:20:00 | INFO | repo=pv243-a4m36jee-2018-security-seminar | action=commit
2025-07-08 20:49:00 | DEBUG | repo=pv243-a4m36jee-2018-security-seminar | action=commit
2025-02-07 12:49:00 | DEBUG | repo=pv243-a4m36jee-2018-security-seminar | action=commit
2025-09-21 21:26:00 | WARN | repo=pv243-a4m36jee-2018-security-seminar | action=commit
2025-01-11 13:57:00 | INFO | repo=pv243-a4m36jee-2018-security-seminar | action=commit
2025-02-02 17:04:00 | DEBUG | repo=pv243-a4m36jee-2018-security-seminar | action=commit
2025-03-17 11:54:00 | DEBUG | repo=pv243-a4m36jee-2018-security-seminar | action=commit
2025-03-11 21:41:00 | WARN | repo=pv243-a4m36jee-2018-security-seminar | action=commit
2025-02-18 20:47:00 | INFO | repo=pv243-a4m36jee-2018-security-seminar | action=commit
2025-03-09 20:57:00 | DEBUG | repo=pv243-a4m36jee-2018-security-seminar | action=commit
2025-08-21 20:16:00 | INFO | repo=pv243-a4m36jee-2018-security-seminar | action=commit
2025-12-06 13:08:00 | DEBUG | repo=pv243-a4m36jee-2018-security-seminar | action=commit
2025-03-24 10:05:00 | WARN | repo=pv243-a4m36jee-2018-security-seminar | action=edit | files=5
2025-04-12 12:11:00 | DEBUG | repo=pv243-a4m36jee-2018-security-seminar | action=commit
2025-12-20 10:20:00 | DEBUG | repo=pv243-a4m36jee-2018-security-seminar | action=commit
2025-01-23 21:15:00 | DEBUG | repo=pv243-a4m36jee-2018-security-seminar | action=commit
2025-08-15 12:10:00 | INFO | repo=pv243-a4m36jee-2018-security-seminar | action=edit | files=5
2025-12-10 13:40:00 | WARN | repo=pv243-a4m36jee-2018-security-seminar | action=commit
2025-01-06 21:06:00 | WARN | repo=pv243-a4m36jee-2018-security-seminar | action=commit
2025-05-21 07:52:00 | DEBUG | repo=pv243-a4m36jee-2018-security-seminar | action=commit
2025-03-04 16:34:00 | WARN | repo=pv243-a4m36jee-2018-security-seminar | action=commit
2025-02-20 13:39:00 | WARN | repo=pv243-a4m36jee-2018-security-seminar | action=edit | files=2
2025-09-22 14:17:00 | INFO | repo=pv243-a4m36jee-2018-security-seminar | action=commit
2025-10-27 19:34:00 | WARN | repo=pv243-a4m36jee-2018-security-seminar | action=commit
2025-06-02 14:33:00 | INFO | repo=pv243-a4m36jee-2018-security-seminar | action=commit
2025-01-28 14:36:00 | INFO | repo=pv243-a4m36jee-2018-security-seminar | action=commit
2025-03-01 21:10:00 | INFO | repo=pv243-a4m36jee-2018-security-seminar | action=commit
2025-11-03 09:02:00 | DEBUG | repo=pv243-a4m36jee-2018-security-seminar | action=commit
2025-08-10 10:14:00 | WARN | repo=pv243-a4m36jee-2018-security-seminar | action=commit
2025-04-22 13:50:00 | WARN | repo=pv243-a4m36jee-2018-security-seminar | action=commit
2025-10-05 14:03:00 | DEBUG | repo=pv243-a4m36jee-2018-security-seminar | action=commit
